This is pdfTeX, Version 3.141592653-2.6-1.40.24 (MiKTeX 22.1) (preloaded format=pdflatex 2022.2.2)  18 AUG 2022 13:00
entering extended mode
 restricted \write18 enabled.
 %&-line parsing enabled.
**./main.tex
(main.tex
LaTeX2e <2021-11-15> patch level 1
L3 programming layer <2022-01-21>
(C:\Program Files\MiKTeX\tex/latex/base\report.cls
Document Class: report 2021/10/04 v1.4n Standard LaTeX document class
(C:\Program Files\MiKTeX\tex/latex/base\size12.clo
File: size12.clo 2021/10/04 v1.4n Standard LaTeX file (size option)
)
\c@part=\count185
\c@chapter=\count186
\c@section=\count187
\c@subsection=\count188
\c@subsubsection=\count189
\c@paragraph=\count190
\c@subparagraph=\count191
\c@figure=\count192
\c@table=\count193
\abovecaptionskip=\skip47
\belowcaptionskip=\skip48
\bibindent=\dimen138
)
(C:\Program Files\MiKTeX\tex/latex/geometry\geometry.sty
Package: geometry 2020/01/02 v5.9 Page Geometry

(C:\Program Files\MiKTeX\tex/latex/graphics\keyval.sty
Package: keyval 2014/10/28 v1.15 key=value parser (DPC)
\KV@toks@=\toks16
)
(C:\Program Files\MiKTeX\tex/generic/iftex\ifvtex.sty
Package: ifvtex 2019/10/25 v1.7 ifvtex legacy package. Use iftex instead.

(C:\Program Files\MiKTeX\tex/generic/iftex\iftex.sty
Package: iftex 2020/03/06 v1.0d TeX engine tests
))
\Gm@cnth=\count194
\Gm@cntv=\count195
\c@Gm@tempcnt=\count196
\Gm@bindingoffset=\dimen139
\Gm@wd@mp=\dimen140
\Gm@odd@mp=\dimen141
\Gm@even@mp=\dimen142
\Gm@layoutwidth=\dimen143
\Gm@layoutheight=\dimen144
\Gm@layouthoffset=\dimen145
\Gm@layoutvoffset=\dimen146
\Gm@dimlist=\toks17

(C:\Program Files\MiKTeX\tex/latex/geometry\geometry.cfg))
(C:\Program Files\MiKTeX\tex/latex/tools\indentfirst.sty
Package: indentfirst 1995/11/23 v1.03 Indent first paragraph (DPC)
)
(C:\Program Files\MiKTeX\tex/latex/jknappen\mathrsfs.sty
Package: mathrsfs 1996/01/01 Math RSFS package v1.0 (jk)
\symrsfs=\mathgroup4
)
(C:\Program Files\MiKTeX\tex/latex/amscls\amsthm.sty
Package: amsthm 2020/05/29 v2.20.6
\thm@style=\toks18
\thm@bodyfont=\toks19
\thm@headfont=\toks20
\thm@notefont=\toks21
\thm@headpunct=\toks22
\thm@preskip=\skip49
\thm@postskip=\skip50
\thm@headsep=\skip51
\dth@everypar=\toks23
)
(C:\Program Files\MiKTeX\tex/latex/cjk\CJKutf8.sty
Package: CJKutf8 2021/10/16 4.8.5

(C:\Program Files\MiKTeX\tex/generic/iftex\ifpdf.sty
Package: ifpdf 2019/10/25 v3.4 ifpdf legacy package. Use iftex instead.
)
(C:\Program Files\MiKTeX\tex/latex/base\inputenc.sty
Package: inputenc 2021/02/14 v1.3d Input encoding file
\inpenc@prehook=\toks24
\inpenc@posthook=\toks25
)
(C:\Program Files\MiKTeX\tex/latex/cjk\CJK.sty
Package: CJK 2021/10/16 4.8.5

(C:\Program Files\MiKTeX\tex/latex/cjk/mule\MULEenc.sty
Package: MULEenc 2021/10/16 4.8.5
)
(C:\Program Files\MiKTeX\tex/latex/cjk\CJK.enc
File: CJK.enc 2021/10/16 4.8.5
Now handling font encoding C00 ...
... no UTF-8 mapping file for font encoding C00
Now handling font encoding C05 ...
... no UTF-8 mapping file for font encoding C05
Now handling font encoding C09 ...
... no UTF-8 mapping file for font encoding C09
Now handling font encoding C10 ...
... no UTF-8 mapping file for font encoding C10
Now handling font encoding C20 ...
... no UTF-8 mapping file for font encoding C20
Now handling font encoding C19 ...
... no UTF-8 mapping file for font encoding C19
Now handling font encoding C40 ...
... no UTF-8 mapping file for font encoding C40
Now handling font encoding C42 ...
... no UTF-8 mapping file for font encoding C42
Now handling font encoding C43 ...
... no UTF-8 mapping file for font encoding C43
Now handling font encoding C50 ...
... no UTF-8 mapping file for font encoding C50
Now handling font encoding C52 ...
... no UTF-8 mapping file for font encoding C52
Now handling font encoding C49 ...
... no UTF-8 mapping file for font encoding C49
Now handling font encoding C60 ...
... no UTF-8 mapping file for font encoding C60
Now handling font encoding C61 ...
... no UTF-8 mapping file for font encoding C61
Now handling font encoding C63 ...
... no UTF-8 mapping file for font encoding C63
Now handling font encoding C64 ...
... no UTF-8 mapping file for font encoding C64
Now handling font encoding C65 ...
... no UTF-8 mapping file for font encoding C65
Now handling font encoding C70 ...
... no UTF-8 mapping file for font encoding C70
Now handling font encoding C31 ...
... no UTF-8 mapping file for font encoding C31
Now handling font encoding C32 ...
... no UTF-8 mapping file for font encoding C32
Now handling font encoding C33 ...
... no UTF-8 mapping file for font encoding C33
Now handling font encoding C34 ...
... no UTF-8 mapping file for font encoding C34
Now handling font encoding C35 ...
... no UTF-8 mapping file for font encoding C35
Now handling font encoding C36 ...
... no UTF-8 mapping file for font encoding C36
Now handling font encoding C37 ...
... no UTF-8 mapping file for font encoding C37
Now handling font encoding C80 ...
... no UTF-8 mapping file for font encoding C80
Now handling font encoding C81 ...
... no UTF-8 mapping file for font encoding C81
Now handling font encoding C01 ...
... no UTF-8 mapping file for font encoding C01
Now handling font encoding C11 ...
... no UTF-8 mapping file for font encoding C11
Now handling font encoding C21 ...
... no UTF-8 mapping file for font encoding C21
Now handling font encoding C41 ...
... no UTF-8 mapping file for font encoding C41
Now handling font encoding C62 ...
... no UTF-8 mapping file for font encoding C62
)
\CJK@indent=\box50
)
(C:\Program Files\MiKTeX\tex/latex/base\fontenc.sty
Package: fontenc 2021/04/29 v2.0v Standard LaTeX package
))
(C:\Program Files\MiKTeX\tex/latex/amsfonts\amssymb.sty
Package: amssymb 2013/01/14 v3.01 AMS font symbols

(C:\Program Files\MiKTeX\tex/latex/amsfonts\amsfonts.sty
Package: amsfonts 2013/01/14 v3.01 Basic AMSFonts support
\@emptytoks=\toks26
\symAMSa=\mathgroup5
\symAMSb=\mathgroup6
LaTeX Font Info:    Redeclaring math symbol \hbar on input line 98.
LaTeX Font Info:    Overwriting math alphabet `\mathfrak' in version `bold'
(Font)                  U/euf/m/n --> U/euf/b/n on input line 106.
))
(C:\Program Files\MiKTeX\tex/latex/amsmath\amsmath.sty
Package: amsmath 2021/10/15 v2.17l AMS math features
\@mathmargin=\skip52

For additional information on amsmath, use the `?' option.
(C:\Program Files\MiKTeX\tex/latex/amsmath\amstext.sty
Package: amstext 2021/08/26 v2.01 AMS text

(C:\Program Files\MiKTeX\tex/latex/amsmath\amsgen.sty
File: amsgen.sty 1999/11/30 v2.0 generic functions
\@emptytoks=\toks27
\ex@=\dimen147
))
(C:\Program Files\MiKTeX\tex/latex/amsmath\amsbsy.sty
Package: amsbsy 1999/11/29 v1.2d Bold Symbols
\pmbraise@=\dimen148
)
(C:\Program Files\MiKTeX\tex/latex/amsmath\amsopn.sty
Package: amsopn 2021/08/26 v2.02 operator names
)
\inf@bad=\count197
LaTeX Info: Redefining \frac on input line 234.
\uproot@=\count198
\leftroot@=\count199
LaTeX Info: Redefining \overline on input line 399.
\classnum@=\count266
\DOTSCASE@=\count267
LaTeX Info: Redefining \ldots on input line 496.
LaTeX Info: Redefining \dots on input line 499.
LaTeX Info: Redefining \cdots on input line 620.
\Mathstrutbox@=\box51
\strutbox@=\box52
\big@size=\dimen149
LaTeX Font Info:    Redeclaring font encoding OML on input line 743.
LaTeX Font Info:    Redeclaring font encoding OMS on input line 744.
\macc@depth=\count268
\c@MaxMatrixCols=\count269
\dotsspace@=\muskip16
\c@parentequation=\count270
\dspbrk@lvl=\count271
\tag@help=\toks28
\row@=\count272
\column@=\count273
\maxfields@=\count274
\andhelp@=\toks29
\eqnshift@=\dimen150
\alignsep@=\dimen151
\tagshift@=\dimen152
\tagwidth@=\dimen153
\totwidth@=\dimen154
\lineht@=\dimen155
\@envbody=\toks30
\multlinegap=\skip53
\multlinetaggap=\skip54
\mathdisplay@stack=\toks31
LaTeX Info: Redefining \[ on input line 2938.
LaTeX Info: Redefining \] on input line 2939.
)
(C:\Program Files\MiKTeX\tex/latex/import\import.sty
Package: import 2020/04/01  v 6.2
)
(C:\Program Files\MiKTeX\tex/latex/xifthen\xifthen.sty
Package: xifthen 2015/11/05 v1.4.0 Extended ifthen features

(C:\Program Files\MiKTeX\tex/latex/tools\calc.sty
Package: calc 2017/05/25 v4.3 Infix arithmetic (KKT,FJ)
\calc@Acount=\count275
\calc@Bcount=\count276
\calc@Adimen=\dimen156
\calc@Bdimen=\dimen157
\calc@Askip=\skip55
\calc@Bskip=\skip56
LaTeX Info: Redefining \setlength on input line 80.
LaTeX Info: Redefining \addtolength on input line 81.
\calc@Ccount=\count277
\calc@Cskip=\skip57
)
(C:\Program Files\MiKTeX\tex/latex/base\ifthen.sty
Package: ifthen 2020/11/24 v1.1c Standard LaTeX ifthen package (DPC)
)
(C:\Program Files\MiKTeX\tex/latex/ifmtarg\ifmtarg.sty
Package: ifmtarg 2018/04/16 v1.2b check for an empty argument
))
(C:\Program Files\MiKTeX\tex/latex/pdfpages\pdfpages.sty
Package: pdfpages 2021/03/06 v0.5t Insert pages of external PDF documents (AM)

(C:\Program Files\MiKTeX\tex/latex/eso-pic\eso-pic.sty
Package: eso-pic 2020/10/14 v3.0a eso-pic (RN)
\ESO@tempdima=\dimen158
\ESO@tempdimb=\dimen159

(C:\Program Files\MiKTeX\tex/latex/xcolor\xcolor.sty
Package: xcolor 2021/10/31 v2.13 LaTeX color extensions (UK)

(C:\Program Files\MiKTeX\tex/latex/graphics-cfg\color.cfg
File: color.cfg 2016/01/02 v1.6 sample color configuration
)
Package xcolor Info: Driver file: pdftex.def on input line 227.

(C:\Program Files\MiKTeX\tex/latex/graphics-def\pdftex.def
File: pdftex.def 2020/10/05 v1.2a Graphics/color driver for pdftex
)
Package xcolor Info: Model `cmy' substituted by `cmy0' on input line 1352.
Package xcolor Info: Model `hsb' substituted by `rgb' on input line 1356.
Package xcolor Info: Model `RGB' extended on input line 1368.
Package xcolor Info: Model `HTML' substituted by `rgb' on input line 1370.
Package xcolor Info: Model `Hsb' substituted by `hsb' on input line 1371.
Package xcolor Info: Model `tHsb' substituted by `hsb' on input line 1372.
Package xcolor Info: Model `HSB' substituted by `hsb' on input line 1373.
Package xcolor Info: Model `Gray' substituted by `gray' on input line 1374.
Package xcolor Info: Model `wave' substituted by `hsb' on input line 1375.
))
(C:\Program Files\MiKTeX\tex/latex/graphics\graphicx.sty
Package: graphicx 2021/09/16 v1.2d Enhanced LaTeX Graphics (DPC,SPQR)

(C:\Program Files\MiKTeX\tex/latex/graphics\graphics.sty
Package: graphics 2021/03/04 v1.4d Standard LaTeX Graphics (DPC,SPQR)

(C:\Program Files\MiKTeX\tex/latex/graphics\trig.sty
Package: trig 2021/08/11 v1.11 sin cos tan (DPC)
)
(C:\Program Files\MiKTeX\tex/latex/graphics-cfg\graphics.cfg
File: graphics.cfg 2016/06/04 v1.11 sample graphics configuration
)
Package graphics Info: Driver file: pdftex.def on input line 107.
)
\Gin@req@height=\dimen160
\Gin@req@width=\dimen161
)
\AM@pagewidth=\dimen162
\AM@pageheight=\dimen163
\AM@fboxrule=\dimen164

(C:\Program Files\MiKTeX\tex/latex/pdfpages\pppdftex.def
File: pppdftex.def 2021/03/06 v0.5t Pdfpages driver for pdfTeX (AM)
)
\pdfpages@includegraphics@status=\count278
\AM@pagebox=\box53
\AM@global@opts=\toks32
\AM@pagecnt=\count279
\AM@toc@title=\toks33
\c@AM@survey=\count280
\AM@templatesizebox=\box54
)
(C:\Program Files\MiKTeX\tex/latex/transparent\transparent.sty
Package: transparent 2019/11/29 v1.4 Transparency via pdfTeX's color stack (HO)


(C:\Program Files\MiKTeX\tex/latex/auxhook\auxhook.sty
Package: auxhook 2019-12-17 v1.6 Hooks for auxiliary files (HO)
))
(C:\Program Files\MiKTeX\tex/latex/overpic\overpic.sty
Package: overpic 2020/02/22 1.3 picture overlays (RN)

(C:\Program Files\MiKTeX\tex/latex/eepic\epic.sty
Enhancements to Picture Environment. Version 1.2 - Released June 1, 1986
\@@multicnt=\count281
\d@lta=\count282
\@delta=\dimen165
\@@delta=\dimen166
\@gridcnt=\count283
\@joinkind=\count284
\@dotgap=\dimen167
\@ddotgap=\dimen168
\@x@diff=\count285
\@y@diff=\count286
\x@diff=\dimen169
\y@diff=\dimen170
\@dotbox=\box55
\num@segments=\count287
\num@segmentsi=\count288
\@datafile=\read2
)
\OVP@box=\box56
) (C:\Program Files\MiKTeX\tex/latex/setspace\setspace.sty
Package: setspace 2011/12/19 v6.7a set line spacing
)
(C:\Program Files\MiKTeX\tex/latex/graphics\rotating.sty
Package: rotating 2016/08/11 v2.16d rotated objects in LaTeX
\c@r@tfl@t=\count289
\rotFPtop=\skip58
\rotFPbot=\skip59
\rot@float@box=\box57
\rot@mess@toks=\toks34
)
(C:\Program Files\MiKTeX\tex/latex/wasysym\wasysym.sty
Package: wasysym 2020/01/19 v2.4 Wasy-2 symbol support package
\symwasy=\mathgroup7
LaTeX Font Info:    Overwriting symbol font `wasy' in version `bold'
(Font)                  U/wasy/m/n --> U/wasy/b/n on input line 93.
)
(C:\Program Files\MiKTeX\tex/latex/biblatex\biblatex.sty
Package: biblatex 2020/12/31 v3.16 programmable bibliographies (PK/MW)

(C:\Program Files\MiKTeX\tex/generic/pdftexcmds\pdftexcmds.sty
Package: pdftexcmds 2020-06-27 v0.33 Utility functions of pdfTeX for LuaTeX (HO
)

(C:\Program Files\MiKTeX\tex/generic/infwarerr\infwarerr.sty
Package: infwarerr 2019/12/03 v1.5 Providing info/warning/error messages (HO)
)
(C:\Program Files\MiKTeX\tex/generic/ltxcmds\ltxcmds.sty
Package: ltxcmds 2020-05-10 v1.25 LaTeX kernel commands for general use (HO)
)
Package pdftexcmds Info: \pdf@primitive is available.
Package pdftexcmds Info: \pdf@ifprimitive is available.
Package pdftexcmds Info: \pdfdraftmode found.
)
(C:\Program Files\MiKTeX\tex/latex/etoolbox\etoolbox.sty
Package: etoolbox 2020/10/05 v2.5k e-TeX tools for LaTeX (JAW)
\etb@tempcnta=\count290
)
(C:\Program Files\MiKTeX\tex/latex/kvoptions\kvoptions.sty
Package: kvoptions 2022-06-15 v3.15 Key value format for package options (HO)

(C:\Program Files\MiKTeX\tex/generic/kvsetkeys\kvsetkeys.sty
Package: kvsetkeys 2019/12/15 v1.18 Key value parser (HO)
))
(C:\Program Files\MiKTeX\tex/latex/logreq\logreq.sty
Package: logreq 2010/08/04 v1.0 xml request logger
\lrq@indent=\count291

(C:\Program Files\MiKTeX\tex/latex/logreq\logreq.def
File: logreq.def 2010/08/04 v1.0 logreq spec v1.0
))
(C:\Program Files\MiKTeX\tex/latex/url\url.sty
\Urlmuskip=\muskip17
Package: url 2013/09/16  ver 3.4  Verb mode for urls, etc.
)
\c@tabx@nest=\count292
\c@listtotal=\count293
\c@listcount=\count294
\c@liststart=\count295
\c@liststop=\count296
\c@citecount=\count297
\c@citetotal=\count298
\c@multicitecount=\count299
\c@multicitetotal=\count300
\c@instcount=\count301
\c@maxnames=\count302
\c@minnames=\count303
\c@maxitems=\count304
\c@minitems=\count305
\c@citecounter=\count306
\c@maxcitecounter=\count307
\c@savedcitecounter=\count308
\c@uniquelist=\count309
\c@uniquename=\count310
\c@refsection=\count311
\c@refsegment=\count312
\c@maxextratitle=\count313
\c@maxextratitleyear=\count314
\c@maxextraname=\count315
\c@maxextradate=\count316
\c@maxextraalpha=\count317
\c@abbrvpenalty=\count318
\c@highnamepenalty=\count319
\c@lownamepenalty=\count320
\c@maxparens=\count321
\c@parenlevel=\count322
\blx@tempcnta=\count323
\blx@tempcntb=\count324
\blx@tempcntc=\count325
\blx@maxsection=\count326
\blx@maxsegment@0=\count327
\blx@notetype=\count328
\blx@parenlevel@text=\count329
\blx@parenlevel@foot=\count330
\blx@sectionciteorder@0=\count331
\blx@entrysetcounter=\count332
\blx@biblioinstance=\count333
\labelnumberwidth=\skip60
\labelalphawidth=\skip61
\biblabelsep=\skip62
\bibitemsep=\skip63
\bibnamesep=\skip64
\bibinitsep=\skip65
\bibparsep=\skip66
\bibhang=\skip67
\blx@bcfin=\read3
\blx@bcfout=\write3
\blx@langwohyphens=\language79
\c@mincomprange=\count334
\c@maxcomprange=\count335
\c@mincompwidth=\count336
Package biblatex Info: Trying to load biblatex default data model...
Package biblatex Info: ... file 'blx-dm.def' found.

(C:\Program Files\MiKTeX\tex/latex/biblatex\blx-dm.def
File: blx-dm.def 2020/12/31 v3.16 biblatex localization (PK/MW)
)
Package biblatex Info: Trying to load biblatex custom data model...
Package biblatex Info: ... file 'biblatex-dm.cfg' not found.
\c@afterword=\count337
\c@savedafterword=\count338
\c@annotator=\count339
\c@savedannotator=\count340
\c@author=\count341
\c@savedauthor=\count342
\c@bookauthor=\count343
\c@savedbookauthor=\count344
\c@commentator=\count345
\c@savedcommentator=\count346
\c@editor=\count347
\c@savededitor=\count348
\c@editora=\count349
\c@savededitora=\count350
\c@editorb=\count351
\c@savededitorb=\count352
\c@editorc=\count353
\c@savededitorc=\count354
\c@foreword=\count355
\c@savedforeword=\count356
\c@holder=\count357
\c@savedholder=\count358
\c@introduction=\count359
\c@savedintroduction=\count360
\c@namea=\count361
\c@savednamea=\count362
\c@nameb=\count363
\c@savednameb=\count364
\c@namec=\count365
\c@savednamec=\count366
\c@translator=\count367
\c@savedtranslator=\count368
\c@shortauthor=\count369
\c@savedshortauthor=\count370
\c@shorteditor=\count371
\c@savedshorteditor=\count372
\c@labelname=\count373
\c@savedlabelname=\count374
\c@institution=\count375
\c@savedinstitution=\count376
\c@lista=\count377
\c@savedlista=\count378
\c@listb=\count379
\c@savedlistb=\count380
\c@listc=\count381
\c@savedlistc=\count382
\c@listd=\count383
\c@savedlistd=\count384
\c@liste=\count385
\c@savedliste=\count386
\c@listf=\count387
\c@savedlistf=\count388
\c@location=\count389
\c@savedlocation=\count390
\c@organization=\count391
\c@savedorganization=\count392
\c@origlocation=\count393
\c@savedoriglocation=\count394
\c@origpublisher=\count395
\c@savedorigpublisher=\count396
\c@publisher=\count397
\c@savedpublisher=\count398
\c@language=\count399
\c@savedlanguage=\count400
\c@origlanguage=\count401
\c@savedoriglanguage=\count402
\c@pageref=\count403
\c@savedpageref=\count404
\shorthandwidth=\skip68
\shortjournalwidth=\skip69
\shortserieswidth=\skip70
\shorttitlewidth=\skip71
\shortauthorwidth=\skip72
\shorteditorwidth=\skip73
\locallabelnumberwidth=\skip74
\locallabelalphawidth=\skip75
\localshorthandwidth=\skip76
\localshortjournalwidth=\skip77
\localshortserieswidth=\skip78
\localshorttitlewidth=\skip79
\localshortauthorwidth=\skip80
\localshorteditorwidth=\skip81
Package biblatex Info: Trying to load compatibility code...
Package biblatex Info: ... file 'blx-compat.def' found.

(C:\Program Files\MiKTeX\tex/latex/biblatex\blx-compat.def
File: blx-compat.def 2020/12/31 v3.16 biblatex compatibility (PK/MW)
)
Package biblatex Info: Trying to load generic definitions...
Package biblatex Info: ... file 'biblatex.def' found.

(C:\Program Files\MiKTeX\tex/latex/biblatex\biblatex.def
File: biblatex.def 2020/12/31 v3.16 biblatex compatibility (PK/MW)
\c@textcitecount=\count405
\c@textcitetotal=\count406
\c@textcitemaxnames=\count407
\c@biburlbigbreakpenalty=\count408
\c@biburlbreakpenalty=\count409
\c@biburlnumpenalty=\count410
\c@biburlucpenalty=\count411
\c@biburllcpenalty=\count412
\biburlbigskip=\muskip18
\biburlnumskip=\muskip19
\biburlucskip=\muskip20
\biburllcskip=\muskip21
\c@smartand=\count413
)
Package biblatex Info: Trying to load bibliography style 'numeric'...
Package biblatex Info: ... file 'numeric.bbx' found.

(C:\Program Files\MiKTeX\tex/latex/biblatex/bbx\numeric.bbx
File: numeric.bbx 2020/12/31 v3.16 biblatex bibliography style (PK/MW)
Package biblatex Info: Trying to load bibliography style 'standard'...
Package biblatex Info: ... file 'standard.bbx' found.

(C:\Program Files\MiKTeX\tex/latex/biblatex/bbx\standard.bbx
File: standard.bbx 2020/12/31 v3.16 biblatex bibliography style (PK/MW)
\c@bbx:relatedcount=\count414
\c@bbx:relatedtotal=\count415
))
Package biblatex Info: Trying to load citation style 'numeric'...
Package biblatex Info: ... file 'numeric.cbx' found.

(C:\Program Files\MiKTeX\tex/latex/biblatex/cbx\numeric.cbx
File: numeric.cbx 2020/12/31 v3.16 biblatex citation style (PK/MW)
Package biblatex Info: Redefining '\cite'.
Package biblatex Info: Redefining '\parencite'.
Package biblatex Info: Redefining '\footcite'.
Package biblatex Info: Redefining '\footcitetext'.
Package biblatex Info: Redefining '\smartcite'.
Package biblatex Info: Redefining '\supercite'.
Package biblatex Info: Redefining '\textcite'.
Package biblatex Info: Redefining '\textcites'.
Package biblatex Info: Redefining '\cites'.
Package biblatex Info: Redefining '\parencites'.
Package biblatex Info: Redefining '\smartcites'.
)
Package biblatex Info: Trying to load configuration file...
Package biblatex Info: ... file 'biblatex.cfg' found.

(C:\Program Files\MiKTeX\tex/latex/biblatex\biblatex.cfg
File: biblatex.cfg 
))
(C:\Program Files\MiKTeX\tex/latex/mathtools\mathtools.sty
Package: mathtools 2022/06/29 v1.29 mathematical typesetting tools

(C:\Program Files\MiKTeX\tex/latex/mathtools\mhsetup.sty
Package: mhsetup 2021/03/18 v1.4 programming setup (MH)
)
\g_MT_multlinerow_int=\count416
\l_MT_multwidth_dim=\dimen171
\origjot=\skip82
\l_MT_shortvdotswithinadjustabove_dim=\dimen172
\l_MT_shortvdotswithinadjustbelow_dim=\dimen173
\l_MT_above_intertext_sep=\dimen174
\l_MT_below_intertext_sep=\dimen175
\l_MT_above_shortintertext_sep=\dimen176
\l_MT_below_shortintertext_sep=\dimen177
\xmathstrut@box=\box58
\xmathstrut@dim=\dimen178
)
\@quotelevel=\count417
\@quotereset=\count418

(C:\Program Files\MiKTeX\tex/latex/l3backend\l3backend-pdftex.def
File: l3backend-pdftex.def 2022-01-12 L3 backend support: PDF output (pdfTeX)
\l__color_backend_stack_int=\count419
\l__pdf_internal_box=\box59
)
(C:\Users\我\Desktop\2022USRP-Group-7\build\main.aux)
\openout1 = `main.aux'.

LaTeX Font Info:    Checking defaults for OML/cmm/m/it on input line 39.
LaTeX Font Info:    ... okay on input line 39.
LaTeX Font Info:    Checking defaults for OMS/cmsy/m/n on input line 39.
LaTeX Font Info:    ... okay on input line 39.
LaTeX Font Info:    Checking defaults for OT1/cmr/m/n on input line 39.
LaTeX Font Info:    ... okay on input line 39.
LaTeX Font Info:    Checking defaults for T1/cmr/m/n on input line 39.
LaTeX Font Info:    ... okay on input line 39.
LaTeX Font Info:    Checking defaults for TS1/cmr/m/n on input line 39.
LaTeX Font Info:    ... okay on input line 39.
LaTeX Font Info:    Checking defaults for OMX/cmex/m/n on input line 39.
LaTeX Font Info:    ... okay on input line 39.
LaTeX Font Info:    Checking defaults for U/cmr/m/n on input line 39.
LaTeX Font Info:    ... okay on input line 39.
LaTeX Font Info:    Checking defaults for C00/song/m/n on input line 39.
LaTeX Font Info:    ... okay on input line 39.
LaTeX Font Info:    Checking defaults for C05/song/m/n on input line 39.
LaTeX Font Info:    ... okay on input line 39.
LaTeX Font Info:    Checking defaults for C09/song/m/n on input line 39.
LaTeX Font Info:    ... okay on input line 39.
LaTeX Font Info:    Checking defaults for C10/song/m/n on input line 39.
LaTeX Font Info:    ... okay on input line 39.
LaTeX Font Info:    Checking defaults for C20/song/m/n on input line 39.
LaTeX Font Info:    ... okay on input line 39.
LaTeX Font Info:    Checking defaults for C19/song/m/n on input line 39.
LaTeX Font Info:    ... okay on input line 39.
LaTeX Font Info:    Checking defaults for C40/song/m/n on input line 39.
LaTeX Font Info:    ... okay on input line 39.
LaTeX Font Info:    Checking defaults for C42/song/m/n on input line 39.
LaTeX Font Info:    ... okay on input line 39.
LaTeX Font Info:    Checking defaults for C43/song/m/n on input line 39.
LaTeX Font Info:    ... okay on input line 39.
LaTeX Font Info:    Checking defaults for C50/song/m/n on input line 39.
LaTeX Font Info:    ... okay on input line 39.
LaTeX Font Info:    Checking defaults for C52/song/m/n on input line 39.
LaTeX Font Info:    ... okay on input line 39.
LaTeX Font Info:    Checking defaults for C49/song/m/n on input line 39.
LaTeX Font Info:    ... okay on input line 39.
LaTeX Font Info:    Checking defaults for C60/mj/m/n on input line 39.
LaTeX Font Info:    ... okay on input line 39.
LaTeX Font Info:    Checking defaults for C61/mj/m/n on input line 39.
LaTeX Font Info:    ... okay on input line 39.
LaTeX Font Info:    Checking defaults for C63/mj/m/n on input line 39.
LaTeX Font Info:    ... okay on input line 39.
LaTeX Font Info:    Checking defaults for C64/mj/m/n on input line 39.
LaTeX Font Info:    ... okay on input line 39.
LaTeX Font Info:    Checking defaults for C65/mj/m/n on input line 39.
LaTeX Font Info:    ... okay on input line 39.
LaTeX Font Info:    Checking defaults for C70/song/m/n on input line 39.
LaTeX Font Info:    ... okay on input line 39.
LaTeX Font Info:    Checking defaults for C31/song/m/n on input line 39.
LaTeX Font Info:    ... okay on input line 39.
LaTeX Font Info:    Checking defaults for C32/song/m/n on input line 39.
LaTeX Font Info:    ... okay on input line 39.
LaTeX Font Info:    Checking defaults for C33/song/m/n on input line 39.
LaTeX Font Info:    ... okay on input line 39.
LaTeX Font Info:    Checking defaults for C34/song/m/n on input line 39.
LaTeX Font Info:    ... okay on input line 39.
LaTeX Font Info:    Checking defaults for C35/song/m/n on input line 39.
LaTeX Font Info:    ... okay on input line 39.
LaTeX Font Info:    Checking defaults for C36/song/m/n on input line 39.
LaTeX Font Info:    ... okay on input line 39.
LaTeX Font Info:    Checking defaults for C37/song/m/n on input line 39.
LaTeX Font Info:    ... okay on input line 39.
LaTeX Font Info:    Checking defaults for C80/song/m/n on input line 39.
LaTeX Font Info:    ... okay on input line 39.
LaTeX Font Info:    Checking defaults for C81/song/m/n on input line 39.
LaTeX Font Info:    ... okay on input line 39.
LaTeX Font Info:    Checking defaults for C01/song/m/n on input line 39.
LaTeX Font Info:    ... okay on input line 39.
LaTeX Font Info:    Checking defaults for C11/song/m/n on input line 39.
LaTeX Font Info:    ... okay on input line 39.
LaTeX Font Info:    Checking defaults for C21/song/m/n on input line 39.
LaTeX Font Info:    ... okay on input line 39.
LaTeX Font Info:    Checking defaults for C41/song/m/n on input line 39.
LaTeX Font Info:    ... okay on input line 39.
LaTeX Font Info:    Checking defaults for C62/song/m/n on input line 39.
LaTeX Font Info:    ... okay on input line 39.

*geometry* driver: auto-detecting
*geometry* detected driver: pdftex
*geometry* verbose mode - [ preamble ] result:
* driver: pdftex
* paper: a4paper
* layout: <same size as paper>
* layoutoffset:(h,v)=(0.0pt,0.0pt)
* modes: 
* h-part:(L,W,R)=(56.9055pt, 483.69687pt, 56.9055pt)
* v-part:(T,H,B)=(56.9055pt, 731.23584pt, 56.9055pt)
* \paperwidth=597.50787pt
* \paperheight=845.04684pt
* \textwidth=483.69687pt
* \textheight=731.23584pt
* \oddsidemargin=-15.36449pt
* \evensidemargin=-15.36449pt
* \topmargin=-52.36449pt
* \headheight=12.0pt
* \headsep=25.0pt
* \topskip=12.0pt
* \footskip=30.0pt
* \marginparwidth=35.0pt
* \marginparsep=10.0pt
* \columnsep=10.0pt
* \skip\footins=10.8pt plus 4.0pt minus 2.0pt
* \hoffset=0.0pt
* \voffset=0.0pt
* \mag=1000
* \@twocolumnfalse
* \@twosidefalse
* \@mparswitchfalse
* \@reversemarginfalse
* (1in=72.27pt=25.4mm, 1cm=28.453pt)

(C:\Program Files\MiKTeX\tex/context/base/mkii\supp-pdf.mkii
[Loading MPS to PDF converter (version 2006.09.02).]
\scratchcounter=\count420
\scratchdimen=\dimen179
\scratchbox=\box60
\nofMPsegments=\count421
\nofMParguments=\count422
\everyMPshowfont=\toks35
\MPscratchCnt=\count423
\MPscratchDim=\dimen180
\MPnumerator=\count424
\makeMPintoPDFobject=\count425
\everyMPtoPDFconversion=\toks36
) (C:\Program Files\MiKTeX\tex/latex/epstopdf-pkg\epstopdf-base.sty
Package: epstopdf-base 2020-01-24 v2.11 Base part for package epstopdf
Package epstopdf-base Info: Redefining graphics rule for `.eps' on input line 4
85.

(C:\Program Files\MiKTeX\tex/latex/00miktex\epstopdf-sys.cfg
File: epstopdf-sys.cfg 2021/03/18 v2.0 Configuration of epstopdf for MiKTeX
))
(C:\Program Files\MiKTeX\tex/latex/pdflscape\pdflscape.sty
Package: pdflscape 2019/12/05 v0.12 Display of landscape pages in PDF (HO)

(C:\Program Files\MiKTeX\tex/latex/graphics\lscape.sty
Package: lscape 2020/05/28 v3.02 Landscape Pages (DPC)
)
Package pdflscape Info: Auto-detected driver: pdftex on input line 81.
)
Package biblatex Info: Trying to load language 'english'...
Package biblatex Info: ... file 'english.lbx' found.

(C:\Program Files\MiKTeX\tex/latex/biblatex/lbx\english.lbx
File: english.lbx 2020/12/31 v3.16 biblatex localization (PK/MW)
)
Package biblatex Info: Input encoding 'utf8' detected.
Package biblatex Info: Automatic encoding selection.
(biblatex)             Assuming data encoding 'utf8'.
Package biblatex Info: Document encoding is UTF8 ....

(C:\Program Files\MiKTeX\tex/latex/l3kernel\expl3.sty
Package: expl3 2022-01-21 L3 programming layer (loader) 
)
Package biblatex Info: ... and expl3
(biblatex)             2022-01-21 L3 programming layer (loader) 
(biblatex)             is new enough (at least 2020/04/06),
(biblatex)             setting 'casechanger=expl3'.

(C:\Program Files\MiKTeX\tex/latex/biblatex\blx-case-expl3.sty
(C:\Program Files\MiKTeX\tex/latex/l3packages/xparse\xparse.sty
Package: xparse 2022-01-12 L3 Experimental document command parser
)
Package: blx-case-expl3 2020/12/31 v3.16 expl3 case changing code for biblatex
)
\openout3 = `main.bcf'.

Package biblatex Info: Trying to load bibliographic data...
Package biblatex Info: ... file 'main.bbl' not found.

No file main.bbl.
Package biblatex Info: Reference section=0 on input line 39.
Package biblatex Info: Reference segment=0 on input line 39.
<./picture/p=0.45.png, id=1, 657.0pt x 657.0pt>
File: ./picture/p=0.45.png Graphic file (type png)
<use ./picture/p=0.45.png>
Package pdftex.def Info: ./picture/p=0.45.png  used on input line 44.
(pdftex.def)             Requested size: 426.79134pt x 426.80434pt.
(C:\Program Files\MiKTeX\tex/latex/cjk/UTF8\UTF8.bdg
File: UTF8.bdg 2021/10/16 4.8.5
)
(C:\Program Files\MiKTeX\tex/latex/cjk/UTF8\UTF8.enc
File: UTF8.enc 2021/10/16 4.8.5
)
(C:\Program Files\MiKTeX\tex/latex/cjk/UTF8\UTF8.chr
File: UTF8.chr 2021/10/16 4.8.5
)
LaTeX Font Info:    Trying to load font information for C70+bkai on input line 
49.

(C:\Program Files\MiKTeX\tex/latex/cjk/UTF8\c70bkai.fd
File: c70bkai.fd 2021/10/16 4.8.5
)
(C:\Program Files\MiKTeX\tex/latex/cjk/UTF8\c70bkai.fdx
File: c70bkai.fdx 2021/10/16 4.8.5
) [1

{C:/Users/我/AppData/Local/MiKTeX/fonts/map/pdftex/pdftex.map} <./picture/p=0.
45.png>]
Chapter 0.
LaTeX Font Info:    Trying to load font information for U+rsfs on input line 63
.
(C:\Program Files\MiKTeX\tex/latex/jknappen\ursfs.fd
File: ursfs.fd 1998/03/24 rsfs font definition file (jk)
)
LaTeX Font Info:    Trying to load font information for U+msa on input line 63.


(C:\Program Files\MiKTeX\tex/latex/amsfonts\umsa.fd
File: umsa.fd 2013/01/14 v3.01 AMS symbols A
)
LaTeX Font Info:    Trying to load font information for U+msb on input line 63.


(C:\Program Files\MiKTeX\tex/latex/amsfonts\umsb.fd
File: umsb.fd 2013/01/14 v3.01 AMS symbols B
)
LaTeX Font Info:    Trying to load font information for U+wasy on input line 63
.

(C:\Program Files\MiKTeX\tex/latex/wasysym\uwasy.fd
File: uwasy.fd 2020/01/19 v2.4 Wasy-2 symbol font definitions
) [2

] [3]
(picture/SAW1.pdf_tex
<./picture//SAW1.pdf, id=52, page=1, 492.94218pt x 347.92209pt>
File: ./picture//SAW1.pdf Graphic file (type pdf)
<use ./picture//SAW1.pdf, page 1>
Package pdftex.def Info: ./picture//SAW1.pdf , page1 used on input line 57.
(pdftex.def)             Requested size: 199.16928pt x 140.57321pt.
<./picture//SAW1.pdf, id=53, page=2, 492.94218pt x 347.92209pt>
File: ./picture//SAW1.pdf Graphic file (type pdf)
<use ./picture//SAW1.pdf, page 2>
Package pdftex.def Info: ./picture//SAW1.pdf , page2 used on input line 59.
(pdftex.def)             Requested size: 199.16928pt x 140.57321pt.
<./picture//SAW1.pdf, id=54, page=3, 492.94218pt x 347.92209pt>
File: ./picture//SAW1.pdf Graphic file (type pdf)
<use ./picture//SAW1.pdf, page 3>
Package pdftex.def Info: ./picture//SAW1.pdf , page3 used on input line 61.
(pdftex.def)             Requested size: 199.16928pt x 140.57321pt.
) (picture/SAW2.pdf_tex
<./picture//SAW2.pdf, id=55, page=1, 492.94218pt x 347.92209pt>
File: ./picture//SAW2.pdf Graphic file (type pdf)
<use ./picture//SAW2.pdf, page 1>
Package pdftex.def Info: ./picture//SAW2.pdf , page1 used on input line 57.
(pdftex.def)             Requested size: 199.16928pt x 140.57321pt.
<./picture//SAW2.pdf, id=56, page=2, 492.94218pt x 347.92209pt>
File: ./picture//SAW2.pdf Graphic file (type pdf)
<use ./picture//SAW2.pdf, page 2>
Package pdftex.def Info: ./picture//SAW2.pdf , page2 used on input line 59.
(pdftex.def)             Requested size: 199.16928pt x 140.57321pt.
<./picture//SAW2.pdf, id=57, page=3, 492.94218pt x 347.92209pt>
File: ./picture//SAW2.pdf Graphic file (type pdf)
<use ./picture//SAW2.pdf, page 3>
Package pdftex.def Info: ./picture//SAW2.pdf , page3 used on input line 61.
(pdftex.def)             Requested size: 199.16928pt x 140.57321pt.
<./picture//SAW2.pdf, id=58, page=4, 492.94218pt x 347.92209pt>
File: ./picture//SAW2.pdf Graphic file (type pdf)
<use ./picture//SAW2.pdf, page 4>
Package pdftex.def Info: ./picture//SAW2.pdf , page4 used on input line 63.
(pdftex.def)             Requested size: 199.16928pt x 140.57321pt.
) [4 <./picture//SAW1.pdf> <./picture//SAW1.pdf

pdfTeX warning: pdflatex (file ./picture//SAW1.pdf): PDF inclusion: multiple pd
fs with page group included in a single page
> <./picture//SAW1.pdf

pdfTeX warning: pdflatex (file ./picture//SAW1.pdf): PDF inclusion: multiple pd
fs with page group included in a single page
> <./picture//SAW2.pdf

pdfTeX warning: pdflatex (file ./picture//SAW2.pdf): PDF inclusion: multiple pd
fs with page group included in a single page
> <./picture//SAW2.pdf

pdfTeX warning: pdflatex (file ./picture//SAW2.pdf): PDF inclusion: multiple pd
fs with page group included in a single page
> <./picture//SAW2.pdf

pdfTeX warning: pdflatex (file ./picture//SAW2.pdf): PDF inclusion: multiple pd
fs with page group included in a single page
> <./picture//SAW2.pdf

pdfTeX warning: pdflatex (file ./picture//SAW2.pdf): PDF inclusion: multiple pd
fs with page group included in a single page
>] (picture/Ex2 meshes.pdf_tex
<./picture//Ex2 meshes.pdf, id=68, page=1, 686.1139pt x 427.90462pt>
File: ./picture//Ex2 meshes.pdf Graphic file (type pdf)
<use ./picture//Ex2 meshes.pdf, page 1>
Package pdftex.def Info: ./picture//Ex2 meshes.pdf , page1 used on input line 5
6.
(pdftex.def)             Requested size: 426.79134pt x 266.17957pt.
<./picture//Ex2 meshes.pdf, id=69, page=2, 686.1139pt x 427.90462pt>
File: ./picture//Ex2 meshes.pdf Graphic file (type pdf)
<use ./picture//Ex2 meshes.pdf, page 2>
Package pdftex.def Info: ./picture//Ex2 meshes.pdf , page2 used on input line 5
9.
(pdftex.def)             Requested size: 426.79134pt x 266.17957pt.
<./picture//Ex2 meshes.pdf, id=70, page=3, 686.1139pt x 427.90462pt>
File: ./picture//Ex2 meshes.pdf Graphic file (type pdf)
<use ./picture//Ex2 meshes.pdf, page 3>
Package pdftex.def Info: ./picture//Ex2 meshes.pdf , page3 used on input line 6
1.
(pdftex.def)             Requested size: 426.79134pt x 266.17957pt.
<./picture//Ex2 meshes.pdf, id=71, page=4, 686.1139pt x 427.90462pt>
File: ./picture//Ex2 meshes.pdf Graphic file (type pdf)
<use ./picture//Ex2 meshes.pdf, page 4>
Package pdftex.def Info: ./picture//Ex2 meshes.pdf , page4 used on input line 6
4.
(pdftex.def)             Requested size: 426.79134pt x 266.17957pt.
) [5 <./picture//Ex2 meshes.pdf> <./picture//Ex2 meshes.pdf

pdfTeX warning: pdflatex (file ./picture//Ex2 meshes.pdf): PDF inclusion: multi
ple pdfs with page group included in a single page
> <./picture//Ex2 meshes.pdf

pdfTeX warning: pdflatex (file ./picture//Ex2 meshes.pdf): PDF inclusion: multi
ple pdfs with page group included in a single page
> <./picture//Ex2 meshes.pdf

pdfTeX warning: pdflatex (file ./picture//Ex2 meshes.pdf): PDF inclusion: multi
ple pdfs with page group included in a single page
>] (picture/Ex2 Z2 lowerbound.pdf_tex
<./picture//Ex2 Z2 lowerbound.pdf, id=87, page=1, 536.27972pt x 541.35814pt>
File: ./picture//Ex2 Z2 lowerbound.pdf Graphic file (type pdf)
<use ./picture//Ex2 Z2 lowerbound.pdf, page 1>
Package pdftex.def Info: ./picture//Ex2 Z2 lowerbound.pdf , page1 used on input
 line 56.
(pdftex.def)             Requested size: 227.62204pt x 229.78091pt.
<./picture//Ex2 Z2 lowerbound.pdf, id=88, page=2, 536.27972pt x 541.35814pt>
File: ./picture//Ex2 Z2 lowerbound.pdf Graphic file (type pdf)
<use ./picture//Ex2 Z2 lowerbound.pdf, page 2>
Package pdftex.def Info: ./picture//Ex2 Z2 lowerbound.pdf , page2 used on input
 line 58.
(pdftex.def)             Requested size: 227.62204pt x 229.78091pt.
<./picture//Ex2 Z2 lowerbound.pdf, id=89, page=3, 536.27972pt x 541.35814pt>
File: ./picture//Ex2 Z2 lowerbound.pdf Graphic file (type pdf)
<use ./picture//Ex2 Z2 lowerbound.pdf, page 3>
Package pdftex.def Info: ./picture//Ex2 Z2 lowerbound.pdf , page3 used on input
 line 60.
(pdftex.def)             Requested size: 227.62204pt x 229.78091pt.
<./picture//Ex2 Z2 lowerbound.pdf, id=90, page=4, 536.27972pt x 541.35814pt>
File: ./picture//Ex2 Z2 lowerbound.pdf Graphic file (type pdf)
<use ./picture//Ex2 Z2 lowerbound.pdf, page 4>
Package pdftex.def Info: ./picture//Ex2 Z2 lowerbound.pdf , page4 used on input
 line 62.
(pdftex.def)             Requested size: 227.62204pt x 229.78091pt.
<./picture//Ex2 Z2 lowerbound.pdf, id=91, page=5, 536.27972pt x 541.35814pt>
File: ./picture//Ex2 Z2 lowerbound.pdf Graphic file (type pdf)
<use ./picture//Ex2 Z2 lowerbound.pdf, page 5>
Package pdftex.def Info: ./picture//Ex2 Z2 lowerbound.pdf , page5 used on input
 line 64.
(pdftex.def)             Requested size: 227.62204pt x 229.78091pt.
<./picture//Ex2 Z2 lowerbound.pdf, id=92, page=6, 536.27972pt x 541.35814pt>
File: ./picture//Ex2 Z2 lowerbound.pdf Graphic file (type pdf)
<use ./picture//Ex2 Z2 lowerbound.pdf, page 6>
Package pdftex.def Info: ./picture//Ex2 Z2 lowerbound.pdf , page6 used on input
 line 66.
(pdftex.def)             Requested size: 227.62204pt x 229.78091pt.
<./picture//Ex2 Z2 lowerbound.pdf, id=93, page=7, 536.27972pt x 541.35814pt>
File: ./picture//Ex2 Z2 lowerbound.pdf Graphic file (type pdf)
<use ./picture//Ex2 Z2 lowerbound.pdf, page 7>
Package pdftex.def Info: ./picture//Ex2 Z2 lowerbound.pdf , page7 used on input
 line 68.
(pdftex.def)             Requested size: 227.62204pt x 229.78091pt.
<./picture//Ex2 Z2 lowerbound.pdf, id=94, page=8, 536.27972pt x 541.35814pt>
File: ./picture//Ex2 Z2 lowerbound.pdf Graphic file (type pdf)
<use ./picture//Ex2 Z2 lowerbound.pdf, page 8>
Package pdftex.def Info: ./picture//Ex2 Z2 lowerbound.pdf , page8 used on input
 line 70.
(pdftex.def)             Requested size: 227.62204pt x 229.78091pt.
<./picture//Ex2 Z2 lowerbound.pdf, id=95, page=9, 536.27972pt x 541.35814pt>
File: ./picture//Ex2 Z2 lowerbound.pdf Graphic file (type pdf)
<use ./picture//Ex2 Z2 lowerbound.pdf, page 9>
Package pdftex.def Info: ./picture//Ex2 Z2 lowerbound.pdf , page9 used on input
 line 72.
(pdftex.def)             Requested size: 227.62204pt x 229.78091pt.
<./picture//Ex2 Z2 lowerbound.pdf, id=96, page=10, 536.27972pt x 541.35814pt>
File: ./picture//Ex2 Z2 lowerbound.pdf Graphic file (type pdf)
<use ./picture//Ex2 Z2 lowerbound.pdf, page 10>
Package pdftex.def Info: ./picture//Ex2 Z2 lowerbound.pdf , page10 used on inpu
t line 74.
(pdftex.def)             Requested size: 227.62204pt x 229.78091pt.
) [6 <./picture//Ex2 Z2 lowerbound.pdf> <./picture//Ex2 Z2 lowerbound.pdf

pdfTeX warning: pdflatex (file ./picture//Ex2 Z2 lowerbound.pdf): PDF inclusion
: multiple pdfs with page group included in a single page
> <./picture//Ex2 Z2 lowerbound.pdf

pdfTeX warning: pdflatex (file ./picture//Ex2 Z2 lowerbound.pdf): PDF inclusion
: multiple pdfs with page group included in a single page
> <./picture//Ex2 Z2 lowerbound.pdf

pdfTeX warning: pdflatex (file ./picture//Ex2 Z2 lowerbound.pdf): PDF inclusion
: multiple pdfs with page group included in a single page
> <./picture//Ex2 Z2 lowerbound.pdf

pdfTeX warning: pdflatex (file ./picture//Ex2 Z2 lowerbound.pdf): PDF inclusion
: multiple pdfs with page group included in a single page
> <./picture//Ex2 Z2 lowerbound.pdf

pdfTeX warning: pdflatex (file ./picture//Ex2 Z2 lowerbound.pdf): PDF inclusion
: multiple pdfs with page group included in a single page
> <./picture//Ex2 Z2 lowerbound.pdf

pdfTeX warning: pdflatex (file ./picture//Ex2 Z2 lowerbound.pdf): PDF inclusion
: multiple pdfs with page group included in a single page
> <./picture//Ex2 Z2 lowerbound.pdf

pdfTeX warning: pdflatex (file ./picture//Ex2 Z2 lowerbound.pdf): PDF inclusion
: multiple pdfs with page group included in a single page
> <./picture//Ex2 Z2 lowerbound.pdf

pdfTeX warning: pdflatex (file ./picture//Ex2 Z2 lowerbound.pdf): PDF inclusion
: multiple pdfs with page group included in a single page
> <./picture//Ex2 Z2 lowerbound.pdf

pdfTeX warning: pdflatex (file ./picture//Ex2 Z2 lowerbound.pdf): PDF inclusion
: multiple pdfs with page group included in a single page
>] [7] (picture/Ex2 Z2 upperbound.pdf_tex
<./picture//Ex2 Z2 upperbound.pdf, id=111, page=1, 486.74907pt x 430.95091pt>
File: ./picture//Ex2 Z2 upperbound.pdf Graphic file (type pdf)
<use ./picture//Ex2 Z2 upperbound.pdf, page 1>
Package pdftex.def Info: ./picture//Ex2 Z2 upperbound.pdf , page1 used on input
 line 56.
(pdftex.def)             Requested size: 227.62204pt x 201.53429pt.
<./picture//Ex2 Z2 upperbound.pdf, id=112, page=2, 486.74907pt x 430.95091pt>
File: ./picture//Ex2 Z2 upperbound.pdf Graphic file (type pdf)
<use ./picture//Ex2 Z2 upperbound.pdf, page 2>
Package pdftex.def Info: ./picture//Ex2 Z2 upperbound.pdf , page2 used on input
 line 58.
(pdftex.def)             Requested size: 227.62204pt x 201.53429pt.
)
(picture/Ex2 triangular meshes.pdf_tex
<./picture//Ex2 triangular meshes.pdf, id=113, page=1, 304.19656pt x 285.66019p
t>
File: ./picture//Ex2 triangular meshes.pdf Graphic file (type pdf)
<use ./picture//Ex2 triangular meshes.pdf, page 1>
Package pdftex.def Info: ./picture//Ex2 triangular meshes.pdf , page1 used on i
nput line 56.
(pdftex.def)             Requested size: 170.71652pt x 160.3173pt.
<./picture//Ex2 triangular meshes.pdf, id=114, page=2, 304.19656pt x 285.66019p
t>
File: ./picture//Ex2 triangular meshes.pdf Graphic file (type pdf)
<use ./picture//Ex2 triangular meshes.pdf, page 2>
Package pdftex.def Info: ./picture//Ex2 triangular meshes.pdf , page2 used on i
nput line 58.
(pdftex.def)             Requested size: 170.71652pt x 160.3173pt.
<./picture//Ex2 triangular meshes.pdf, id=115, page=3, 304.19656pt x 285.66019p
t>
File: ./picture//Ex2 triangular meshes.pdf Graphic file (type pdf)
<use ./picture//Ex2 triangular meshes.pdf, page 3>
Package pdftex.def Info: ./picture//Ex2 triangular meshes.pdf , page3 used on i
nput line 60.
(pdftex.def)             Requested size: 170.71652pt x 160.3173pt.
) [8 <./picture//Ex2 Z2 upperbound.pdf> <./picture//Ex2 Z2 upperbound.pdf

pdfTeX warning: pdflatex (file ./picture//Ex2 Z2 upperbound.pdf): PDF inclusion
: multiple pdfs with page group included in a single page
> <./picture//Ex2 triangular meshes.pdf

pdfTeX warning: pdflatex (file ./picture//Ex2 triangular meshes.pdf): PDF inclu
sion: multiple pdfs with page group included in a single page
> <./picture//Ex2 triangular meshes.pdf

pdfTeX warning: pdflatex (file ./picture//Ex2 triangular meshes.pdf): PDF inclu
sion: multiple pdfs with page group included in a single page
> <./picture//Ex2 triangular meshes.pdf

pdfTeX warning: pdflatex (file ./picture//Ex2 triangular meshes.pdf): PDF inclu
sion: multiple pdfs with page group included in a single page
>] [9] (picture/Ex2 ladder.pdf_tex
<./picture//Ex2 ladder.pdf, id=134, page=1, 377.33357pt x 201.2108pt>
File: ./picture//Ex2 ladder.pdf Graphic file (type pdf)
<use ./picture//Ex2 ladder.pdf, page 1>
Package pdftex.def Info: ./picture//Ex2 ladder.pdf , page1 used on input line 5
6.
(pdftex.def)             Requested size: 284.52756pt x 151.73053pt.
<./picture//Ex2 ladder.pdf, id=135, page=2, 377.33357pt x 201.2108pt>
File: ./picture//Ex2 ladder.pdf Graphic file (type pdf)
<use ./picture//Ex2 ladder.pdf, page 2>
Package pdftex.def Info: ./picture//Ex2 ladder.pdf , page2 used on input line 5
8.
(pdftex.def)             Requested size: 284.52756pt x 151.73053pt.
<./picture//Ex2 ladder.pdf, id=136, page=3, 377.33357pt x 201.2108pt>
File: ./picture//Ex2 ladder.pdf Graphic file (type pdf)
<use ./picture//Ex2 ladder.pdf, page 3>
Package pdftex.def Info: ./picture//Ex2 ladder.pdf , page3 used on input line 6
3.
(pdftex.def)             Requested size: 284.52756pt x 151.73053pt.
<./picture//Ex2 ladder.pdf, id=137, page=4, 377.33357pt x 201.2108pt>
File: ./picture//Ex2 ladder.pdf Graphic file (type pdf)
<use ./picture//Ex2 ladder.pdf, page 4>
Package pdftex.def Info: ./picture//Ex2 ladder.pdf , page4 used on input line 6
5.
(pdftex.def)             Requested size: 284.52756pt x 151.73053pt.
) [10 <./picture//Ex2 ladder.pdf> <./picture//Ex2 ladder.pdf

pdfTeX warning: pdflatex (file ./picture//Ex2 ladder.pdf): PDF inclusion: multi
ple pdfs with page group included in a single page
> <./picture//Ex2 ladder.pdf

pdfTeX warning: pdflatex (file ./picture//Ex2 ladder.pdf): PDF inclusion: multi
ple pdfs with page group included in a single page
> <./picture//Ex2 ladder.pdf

pdfTeX warning: pdflatex (file ./picture//Ex2 ladder.pdf): PDF inclusion: multi
ple pdfs with page group included in a single page
>] [11] (picture/bound and site percolation.pdf_tex
<./picture//bound and site percolation.pdf, id=152, page=1, 963.48788pt x 347.8
5742pt>
File: ./picture//bound and site percolation.pdf Graphic file (type pdf)
<use ./picture//bound and site percolation.pdf, page 1>
Package pdftex.def Info: ./picture//bound and site percolation.pdf , page1 used
 on input line 57.
(pdftex.def)             Requested size: 426.79134pt x 154.08745pt.
<./picture//bound and site percolation.pdf, id=153, page=2, 963.48788pt x 347.8
5742pt>
File: ./picture//bound and site percolation.pdf Graphic file (type pdf)
<use ./picture//bound and site percolation.pdf, page 2>
Package pdftex.def Info: ./picture//bound and site percolation.pdf , page2 used
 on input line 59.
(pdftex.def)             Requested size: 426.79134pt x 154.08745pt.
<./picture//bound and site percolation.pdf, id=154, page=3, 963.48788pt x 347.8
5742pt>
File: ./picture//bound and site percolation.pdf Graphic file (type pdf)
<use ./picture//bound and site percolation.pdf, page 3>
Package pdftex.def Info: ./picture//bound and site percolation.pdf , page3 used
 on input line 61.
(pdftex.def)             Requested size: 426.79134pt x 154.08745pt.
<./picture//bound and site percolation.pdf, id=155, page=4, 963.48788pt x 347.8
5742pt>
File: ./picture//bound and site percolation.pdf Graphic file (type pdf)
<use ./picture//bound and site percolation.pdf, page 4>
Package pdftex.def Info: ./picture//bound and site percolation.pdf , page4 used
 on input line 63.
(pdftex.def)             Requested size: 426.79134pt x 154.08745pt.
) [12 <./picture//bound and site percolation.pdf> <./picture//bound and site pe
rcolation.pdf

pdfTeX warning: pdflatex (file ./picture//bound and site percolation.pdf): PDF 
inclusion: multiple pdfs with page group included in a single page
> <./picture//bound and site percolation.pdf

pdfTeX warning: pdflatex (file ./picture//bound and site percolation.pdf): PDF 
inclusion: multiple pdfs with page group included in a single page
> <./picture//bound and site percolation.pdf

pdfTeX warning: pdflatex (file ./picture//bound and site percolation.pdf): PDF 
inclusion: multiple pdfs with page group included in a single page
>] (picture/T3.pdf_tex
<./picture//T3.pdf, id=161, page=1, 507.14116pt x 533.65608pt>
File: ./picture//T3.pdf Graphic file (type pdf)
<use ./picture//T3.pdf, page 1>
Package pdftex.def Info: ./picture//T3.pdf , page1 used on input line 56.
(pdftex.def)             Requested size: 142.26378pt x 149.69954pt.
) (picture/I3.pdf_tex
<./picture//I3.pdf, id=162, page=1, 507.14116pt x 340.1428pt>
File: ./picture//I3.pdf Graphic file (type pdf)
<use ./picture//I3.pdf, page 1>
Package pdftex.def Info: ./picture//I3.pdf , page1 used on input line 56.
(pdftex.def)             Requested size: 142.26378pt x 95.41579pt.
) [13 <./picture//T3.pdf> <./picture//I3.pdf

pdfTeX warning: pdflatex (file ./picture//I3.pdf): PDF inclusion: multiple pdfs
 with page group included in a single page
>] [14] [15]
Chapter 1.
(C:\Program Files\MiKTeX\tex/latex/cjk/UTF8\UTF8.enc
File: UTF8.enc 2021/10/16 4.8.5
)
(C:\Program Files\MiKTeX\tex/latex/cjk/UTF8\UTF8.chr
File: UTF8.chr 2021/10/16 4.8.5
) [16

]
(picture/1.Ex3.pdf_tex
<./picture//1.Ex3.pdf, id=184, page=1, 604.65988pt x 226.23817pt>
File: ./picture//1.Ex3.pdf Graphic file (type pdf)
<use ./picture//1.Ex3.pdf, page 1>
Package pdftex.def Info: ./picture//1.Ex3.pdf , page1 used on input line 56.
(pdftex.def)             Requested size: 341.43306pt x 127.74884pt.
<./picture//1.Ex3.pdf, id=185, page=2, 604.65988pt x 226.23817pt>
File: ./picture//1.Ex3.pdf Graphic file (type pdf)
<use ./picture//1.Ex3.pdf, page 2>
Package pdftex.def Info: ./picture//1.Ex3.pdf , page2 used on input line 63.
(pdftex.def)             Requested size: 341.43306pt x 127.74884pt.
<./picture//1.Ex3.pdf, id=186, page=3, 604.65988pt x 226.23817pt>
File: ./picture//1.Ex3.pdf Graphic file (type pdf)
<use ./picture//1.Ex3.pdf, page 3>
Package pdftex.def Info: ./picture//1.Ex3.pdf , page3 used on input line 66.
(pdftex.def)             Requested size: 341.43306pt x 127.74884pt.
<./picture//1.Ex3.pdf, id=187, page=4, 604.65988pt x 226.23817pt>
File: ./picture//1.Ex3.pdf Graphic file (type pdf)
<use ./picture//1.Ex3.pdf, page 4>
Package pdftex.def Info: ./picture//1.Ex3.pdf , page4 used on input line 70.
(pdftex.def)             Requested size: 341.43306pt x 127.74884pt.
) [17 <./picture//1.Ex3.pdf> <./picture//1.Ex3.pdf

pdfTeX warning: pdflatex (file ./picture//1.Ex3.pdf): PDF inclusion: multiple p
dfs with page group included in a single page
> <./picture//1.Ex3.pdf

pdfTeX warning: pdflatex (file ./picture//1.Ex3.pdf): PDF inclusion: multiple p
dfs with page group included in a single page
> <./picture//1.Ex3.pdf

pdfTeX warning: pdflatex (file ./picture//1.Ex3.pdf): PDF inclusion: multiple p
dfs with page group included in a single page
>] [18] [19] (C:\Program Files\MiKTeX\tex/latex/cjk/UTF8\UTF8.enc
File: UTF8.enc 2021/10/16 4.8.5
)
(C:\Program Files\MiKTeX\tex/latex/cjk/UTF8\UTF8.chr
File: UTF8.chr 2021/10/16 4.8.5
) [20]
(picture/shift function.pdf_tex
<./picture//shift function.pdf, id=213, page=1, 949.08986pt x 426.79132pt>
File: ./picture//shift function.pdf Graphic file (type pdf)
<use ./picture//shift function.pdf, page 1>
Package pdftex.def Info: ./picture//shift function.pdf , page1 used on input li
ne 56.
(pdftex.def)             Requested size: 284.52756pt x 127.9472pt.
<./picture//shift function.pdf, id=214, page=2, 949.08986pt x 426.79132pt>
File: ./picture//shift function.pdf Graphic file (type pdf)
<use ./picture//shift function.pdf, page 2>
Package pdftex.def Info: ./picture//shift function.pdf , page2 used on input li
ne 58.
(pdftex.def)             Requested size: 284.52756pt x 127.9472pt.
<./picture//shift function.pdf, id=215, page=3, 949.08986pt x 426.79132pt>
File: ./picture//shift function.pdf Graphic file (type pdf)
<use ./picture//shift function.pdf, page 3>
Package pdftex.def Info: ./picture//shift function.pdf , page3 used on input li
ne 62.
(pdftex.def)             Requested size: 284.52756pt x 127.9472pt.
<./picture//shift function.pdf, id=216, page=4, 949.08986pt x 426.79132pt>
File: ./picture//shift function.pdf Graphic file (type pdf)
<use ./picture//shift function.pdf, page 4>
Package pdftex.def Info: ./picture//shift function.pdf , page4 used on input li
ne 65.
(pdftex.def)             Requested size: 284.52756pt x 127.9472pt.
) [21 <./picture//shift function.pdf> <./picture//shift function.pdf

pdfTeX warning: pdflatex (file ./picture//shift function.pdf): PDF inclusion: m
ultiple pdfs with page group included in a single page
> <./picture//shift function.pdf

pdfTeX warning: pdflatex (file ./picture//shift function.pdf): PDF inclusion: m
ultiple pdfs with page group included in a single page
> <./picture//shift function.pdf

pdfTeX warning: pdflatex (file ./picture//shift function.pdf): PDF inclusion: m
ultiple pdfs with page group included in a single page
>] (picture/intersect.pdf_tex
<./picture//intersect.pdf, id=222, page=1, 514.0375pt x 524.23833pt>
File: ./picture//intersect.pdf Graphic file (type pdf)
<use ./picture//intersect.pdf, page 1>
Package pdftex.def Info: ./picture//intersect.pdf , page1 used on input line 56
.
(pdftex.def)             Requested size: 170.71652pt x 174.10307pt.
<./picture//intersect.pdf, id=223, page=2, 514.0375pt x 524.23833pt>
File: ./picture//intersect.pdf Graphic file (type pdf)
<use ./picture//intersect.pdf, page 2>
Package pdftex.def Info: ./picture//intersect.pdf , page2 used on input line 58
.
(pdftex.def)             Requested size: 170.71652pt x 174.10307pt.
)
(C:\Program Files\MiKTeX\tex/latex/cjk/UTF8\UTF8.enc
File: UTF8.enc 2021/10/16 4.8.5
)
(C:\Program Files\MiKTeX\tex/latex/cjk/UTF8\UTF8.chr
File: UTF8.chr 2021/10/16 4.8.5
)
(picture/trifurcation point.pdf_tex
<./picture//trifurcation point.pdf, id=226, page=1, 341.31767pt x 261.41028pt>
File: ./picture//trifurcation point.pdf Graphic file (type pdf)
<use ./picture//trifurcation point.pdf, page 1>
Package pdftex.def Info: ./picture//trifurcation point.pdf , page1 used on inpu
t line 56.
(pdftex.def)             Requested size: 227.62204pt x 174.33424pt.
<./picture//trifurcation point.pdf, id=227, page=2, 341.31767pt x 261.41028pt>
File: ./picture//trifurcation point.pdf Graphic file (type pdf)
<use ./picture//trifurcation point.pdf, page 2>
Package pdftex.def Info: ./picture//trifurcation point.pdf , page2 used on inpu
t line 58.
(pdftex.def)             Requested size: 227.62204pt x 174.33424pt.
<./picture//trifurcation point.pdf, id=228, page=3, 341.31767pt x 261.41028pt>
File: ./picture//trifurcation point.pdf Graphic file (type pdf)
<use ./picture//trifurcation point.pdf, page 3>
Package pdftex.def Info: ./picture//trifurcation point.pdf , page3 used on inpu
t line 60.
(pdftex.def)             Requested size: 227.62204pt x 174.33424pt.
<./picture//trifurcation point.pdf, id=229, page=4, 341.31767pt x 261.41028pt>
File: ./picture//trifurcation point.pdf Graphic file (type pdf)
<use ./picture//trifurcation point.pdf, page 4>
Package pdftex.def Info: ./picture//trifurcation point.pdf , page4 used on inpu
t line 62.
(pdftex.def)             Requested size: 227.62204pt x 174.33424pt.
) [22 <./picture//intersect.pdf> <./picture//intersect.pdf

pdfTeX warning: pdflatex (file ./picture//intersect.pdf): PDF inclusion: multip
le pdfs with page group included in a single page
> <./picture//trifurcation point.pdf

pdfTeX warning: pdflatex (file ./picture//trifurcation point.pdf): PDF inclusio
n: multiple pdfs with page group included in a single page
> <./picture//trifurcation point.pdf

pdfTeX warning: pdflatex (file ./picture//trifurcation point.pdf): PDF inclusio
n: multiple pdfs with page group included in a single page
> <./picture//trifurcation point.pdf

pdfTeX warning: pdflatex (file ./picture//trifurcation point.pdf): PDF inclusio
n: multiple pdfs with page group included in a single page
> <./picture//trifurcation point.pdf

pdfTeX warning: pdflatex (file ./picture//trifurcation point.pdf): PDF inclusio
n: multiple pdfs with page group included in a single page
>] (picture/proof of infinite infinite clusters.pdf_tex
<./picture//proof of infinite infinite clusters.pdf, id=238, page=1, 428.35184p
t x 219.5463pt>
File: ./picture//proof of infinite infinite clusters.pdf Graphic file (type pdf
)
<use ./picture//proof of infinite infinite clusters.pdf, page 1>
Package pdftex.def Info: ./picture//proof of infinite infinite clusters.pdf , p
age1 used on input line 56.
(pdftex.def)             Requested size: 227.62204pt x 116.66382pt.
) (picture/1.Ex2.pdf_tex
<./picture//1.Ex2.pdf, id=239, page=1, 305.90596pt x 46.1757pt>
File: ./picture//1.Ex2.pdf Graphic file (type pdf)
<use ./picture//1.Ex2.pdf, page 1>
Package pdftex.def Info: ./picture//1.Ex2.pdf , page1 used on input line 56.
(pdftex.def)             Requested size: 227.62204pt x 34.3604pt.
) [23 <./picture//proof of infinite infinite clusters.pdf> <./picture//1.Ex2.pd
f

pdfTeX warning: pdflatex (file ./picture//1.Ex2.pdf): PDF inclusion: multiple p
dfs with page group included in a single page
>] [24] (picture/dual graph.pdf_tex
<./picture//dual graph.pdf, id=249, page=1, 817.37714pt x 421.00522pt>
File: ./picture//dual graph.pdf Graphic file (type pdf)
<use ./picture//dual graph.pdf, page 1>
Package pdftex.def Info: ./picture//dual graph.pdf , page1 used on input line 5
6.
(pdftex.def)             Requested size: 398.33858pt x 205.17015pt.
) [25 <./picture//dual graph.pdf>]
Chapter 2.
[26

] [27] [28] (picture/four edge of square.pdf_tex
<./picture//four edge of square.pdf, id=267, page=1, 380.43481pt x 374.24252pt>

File: ./picture//four edge of square.pdf Graphic file (type pdf)
<use ./picture//four edge of square.pdf, page 1>
Package pdftex.def Info: ./picture//four edge of square.pdf , page1 used on inp
ut line 56.
(pdftex.def)             Requested size: 142.26378pt x 139.95229pt.
<./picture//four edge of square.pdf, id=268, page=2, 380.43481pt x 374.24252pt>

File: ./picture//four edge of square.pdf Graphic file (type pdf)
<use ./picture//four edge of square.pdf, page 2>
Package pdftex.def Info: ./picture//four edge of square.pdf , page2 used on inp
ut line 60.
(pdftex.def)             Requested size: 142.26378pt x 139.95229pt.
<./picture//four edge of square.pdf, id=269, page=3, 380.43481pt x 374.24252pt>

File: ./picture//four edge of square.pdf Graphic file (type pdf)
<use ./picture//four edge of square.pdf, page 3>
Package pdftex.def Info: ./picture//four edge of square.pdf , page3 used on inp
ut line 62.
(pdftex.def)             Requested size: 142.26378pt x 139.95229pt.
) [29]
(picture/dual graph contradiction.pdf_tex
<./picture//dual graph contradiction.pdf, id=273, page=1, 456.16048pt x 377.711
33pt>
File: ./picture//dual graph contradiction.pdf Graphic file (type pdf)
<use ./picture//dual graph contradiction.pdf, page 1>
Package pdftex.def Info: ./picture//dual graph contradiction.pdf , page1 used o
n input line 56.
(pdftex.def)             Requested size: 199.16928pt x 164.91402pt.
<./picture//dual graph contradiction.pdf, id=274, page=2, 456.16048pt x 377.711
33pt>
File: ./picture//dual graph contradiction.pdf Graphic file (type pdf)
<use ./picture//dual graph contradiction.pdf, page 2>
Package pdftex.def Info: ./picture//dual graph contradiction.pdf , page2 used o
n input line 59.
(pdftex.def)             Requested size: 199.16928pt x 164.91402pt.
<./picture//dual graph contradiction.pdf, id=275, page=3, 456.16048pt x 377.711
33pt>
File: ./picture//dual graph contradiction.pdf Graphic file (type pdf)
<use ./picture//dual graph contradiction.pdf, page 3>
Package pdftex.def Info: ./picture//dual graph contradiction.pdf , page3 used o
n input line 64.
(pdftex.def)             Requested size: 199.16928pt x 164.91402pt.
) [30 <./picture//four edge of square.pdf> <./picture//four edge of square.pdf

pdfTeX warning: pdflatex (file ./picture//four edge of square.pdf): PDF inclusi
on: multiple pdfs with page group included in a single page
> <./picture//four edge of square.pdf

pdfTeX warning: pdflatex (file ./picture//four edge of square.pdf): PDF inclusi
on: multiple pdfs with page group included in a single page
> <./picture//dual graph contradiction.pdf

pdfTeX warning: pdflatex (file ./picture//dual graph contradiction.pdf): PDF in
clusion: multiple pdfs with page group included in a single page
> <./picture//dual graph contradiction.pdf

pdfTeX warning: pdflatex (file ./picture//dual graph contradiction.pdf): PDF in
clusion: multiple pdfs with page group included in a single page
> <./picture//dual graph contradiction.pdf

pdfTeX warning: pdflatex (file ./picture//dual graph contradiction.pdf): PDF in
clusion: multiple pdfs with page group included in a single page
>] [31] (picture/boundary of triangular mesh.pdf_tex
<./picture//boundary of triangular mesh.pdf, id=286, page=1, 609.96051pt x 564.
39214pt>
File: ./picture//boundary of triangular mesh.pdf Graphic file (type pdf)
<use ./picture//boundary of triangular mesh.pdf, page 1>
Package pdftex.def Info: ./picture//boundary of triangular mesh.pdf , page1 use
d on input line 56.
(pdftex.def)             Requested size: 284.52756pt x 263.27498pt.
<./picture//boundary of triangular mesh.pdf, id=287, page=2, 609.96051pt x 564.
39214pt>
File: ./picture//boundary of triangular mesh.pdf Graphic file (type pdf)
<use ./picture//boundary of triangular mesh.pdf, page 2>
Package pdftex.def Info: ./picture//boundary of triangular mesh.pdf , page2 use
d on input line 58.
(pdftex.def)             Requested size: 284.52756pt x 263.27498pt.
) [32 <./picture//boundary of triangular mesh.pdf> <./picture//boundary of tria
ngular mesh.pdf

pdfTeX warning: pdflatex (file ./picture//boundary of triangular mesh.pdf): PDF
 inclusion: multiple pdfs with page group included in a single page
>] (picture/copy edges.pdf_tex
<./picture//copy edges.pdf, id=293, page=1, 643.76447pt x 638.45251pt>
File: ./picture//copy edges.pdf Graphic file (type pdf)
<use ./picture//copy edges.pdf, page 1>
Package pdftex.def Info: ./picture//copy edges.pdf , page1 used on input line 5
6.
(pdftex.def)             Requested size: 256.0748pt x 253.9639pt.
<./picture//copy edges.pdf, id=294, page=2, 643.76447pt x 638.45251pt>
File: ./picture//copy edges.pdf Graphic file (type pdf)
<use ./picture//copy edges.pdf, page 2>
Package pdftex.def Info: ./picture//copy edges.pdf , page2 used on input line 1
03.
(pdftex.def)             Requested size: 256.0748pt x 253.9639pt.
) [33 <./picture//copy edges.pdf> <./picture//copy edges.pdf

pdfTeX warning: pdflatex (file ./picture//copy edges.pdf): PDF inclusion: multi
ple pdfs with page group included in a single page
>] [34] (picture/lambdan explain.pdf_tex
<./picture//lambdan explain.pdf, id=303, page=1, 618.12389pt x 546.97066pt>
File: ./picture//lambdan explain.pdf Graphic file (type pdf)
<use ./picture//lambdan explain.pdf, page 1>
Package pdftex.def Info: ./picture//lambdan explain.pdf , page1 used on input l
ine 56.
(pdftex.def)             Requested size: 227.62204pt x 201.41617pt.
<./picture//lambdan explain.pdf, id=304, page=2, 618.12389pt x 546.97066pt>
File: ./picture//lambdan explain.pdf Graphic file (type pdf)
<use ./picture//lambdan explain.pdf, page 2>
Package pdftex.def Info: ./picture//lambdan explain.pdf , page2 used on input l
ine 59.
(pdftex.def)             Requested size: 227.62204pt x 201.41617pt.
<./picture//lambdan explain.pdf, id=305, page=3, 618.12389pt x 546.97066pt>
File: ./picture//lambdan explain.pdf Graphic file (type pdf)
<use ./picture//lambdan explain.pdf, page 3>
Package pdftex.def Info: ./picture//lambdan explain.pdf , page3 used on input l
ine 63.
(pdftex.def)             Requested size: 227.62204pt x 201.41617pt.
) [35 <./picture//lambdan explain.pdf> <./picture//lambdan explain.pdf

pdfTeX warning: pdflatex (file ./picture//lambdan explain.pdf): PDF inclusion: 
multiple pdfs with page group included in a single page
> <./picture//lambdan explain.pdf

pdfTeX warning: pdflatex (file ./picture//lambdan explain.pdf): PDF inclusion: 
multiple pdfs with page group included in a single page
>] [36]
Overfull \hbox (18.61708pt too wide) detected at line 1331
[][]
 []


Overfull \hbox (29.45181pt too wide) detected at line 1350
[][]
 []

[37] [38]
Chapter 3.

Overfull \hbox (31.45807pt too wide) in paragraph at lines 1371--1372
[][][][][][][] 
 []


LaTeX Warning: Reference `Exp1' on page 39 undefined on input line 1373.

<picture/Exp1.png, id=321, 1114.1625pt x 1189.44376pt>
File: picture/Exp1.png Graphic file (type png)
<use picture/Exp1.png>
Package pdftex.def Info: picture/Exp1.png  used on input line 1376.
(pdftex.def)             Requested size: 145.11053pt x 154.90535pt.

Underfull \hbox (badness 10000) in paragraph at lines 1379--1380

 []

[39

 <./picture/Exp1.png>]

LaTeX Warning: Citation 'Copin18' on page 40 undefined on input line 1388.


LaTeX Warning: Citation 'Copin18' on page 40 undefined on input line 1394.


LaTeX Warning: Citation 'Copin18' on page 40 undefined on input line 1398.


LaTeX Warning: Reference `3-3eq_tobox' on page 40 undefined on input line 1414.


[40] [41]
Chapter 4.

LaTeX Warning: Empty bibliography on input line 1449.

[42

] (C:\Users\我\Desktop\2022USRP-Group-7\build\main.aux)

LaTeX Warning: There were undefined references.


LaTeX Warning: Label(s) may have changed. Rerun to get cross-references right.


Package biblatex Warning: Please (re)run Biber on the file:
(biblatex)                main
(biblatex)                and rerun LaTeX afterwards.

Package logreq Info: Writing requests to 'main.run.xml'.
\openout1 = `main.run.xml'.

 ) 
Here is how much of TeX's memory you used:
 15830 strings out of 478593
 284872 string characters out of 2854426
 990201 words of memory out of 3000000
 33600 multiletter control sequences out of 15000+600000
 489279 words of font info for 105 fonts, out of 8000000 for 9000
 1141 hyphenation exceptions out of 8191
 70i,20n,76p,689b,1203s stack positions out of 5000i,500n,10000p,200000b,80000s
 <C:\Users\我\AppData\Local\MiKTeX\fonts/pk/ljfour/public/wasy/dpi720\wasy10
.pk> <C:\Users\我\AppData\Local\MiKTeX\fonts/pk/ljfour/jknappen/ec/dpi600\tcrm
1200.pk><C:/Program Files/MiKTeX/fonts/type1/arphic/bkaiu/bkaiu4e.pfb><C:/Progr
am Files/MiKTeX/fonts/type1/arphic/bkaiu/bkaiu50.pfb><C:/Program Files/MiKTeX/f
onts/type1/arphic/bkaiu/bkaiu53.pfb><C:/Program Files/MiKTeX/fonts/type1/arphic
/bkaiu/bkaiu54.pfb><C:/Program Files/MiKTeX/fonts/type1/arphic/bkaiu/bkaiu56.pf
b><C:/Program Files/MiKTeX/fonts/type1/arphic/bkaiu/bkaiu58.pfb><C:/Program Fil
es/MiKTeX/fonts/type1/arphic/bkaiu/bkaiu5b.pfb><C:/Program Files/MiKTeX/fonts/t
ype1/arphic/bkaiu/bkaiu5e.pfb><C:/Program Files/MiKTeX/fonts/type1/arphic/bkaiu
/bkaiu5f.pfb><C:/Program Files/MiKTeX/fonts/type1/arphic/bkaiu/bkaiu60.pfb><C:/
Program Files/MiKTeX/fonts/type1/arphic/bkaiu/bkaiu6a.pfb><C:/Program Files/MiK
TeX/fonts/type1/arphic/bkaiu/bkaiu6d.pfb><C:/Program Files/MiKTeX/fonts/type1/a
rphic/bkaiu/bkaiu75.pfb><C:/Program Files/MiKTeX/fonts/type1/arphic/bkaiu/bkaiu
79.pfb><C:/Program Files/MiKTeX/fonts/type1/arphic/bkaiu/bkaiu7d.pfb><C:/Progra
m Files/MiKTeX/fonts/type1/arphic/bkaiu/bkaiu80.pfb><C:/Program Files/MiKTeX/fo
nts/type1/arphic/bkaiu/bkaiu86.pfb><C:/Program Files/MiKTeX/fonts/type1/arphic/
bkaiu/bkaiu87.pfb><C:/Program Files/MiKTeX/fonts/type1/arphic/bkaiu/bkaiu8a.pfb
><C:/Program Files/MiKTeX/fonts/type1/arphic/bkaiu/bkaiu8b.pfb><C:/Program File
s/MiKTeX/fonts/type1/arphic/bkaiu/bkaiu90.pfb><C:/Program Files/MiKTeX/fonts/ty
pe1/arphic/bkaiu/bkaiu9e.pfb><C:/Program Files/MiKTeX/fonts/type1/arphic/bkaiu/
bkaiuff.pfb><C:/Program Files/MiKTeX/fonts/type1/public/amsfonts/cm/cmbx12.pfb>
<C:/Program Files/MiKTeX/fonts/type1/public/amsfonts/cm/cmex10.pfb><C:/Program 
Files/MiKTeX/fonts/type1/public/amsfonts/cm/cmmi12.pfb><C:/Program Files/MiKTeX
/fonts/type1/public/amsfonts/cm/cmmi6.pfb><C:/Program Files/MiKTeX/fonts/type1/
public/amsfonts/cm/cmmi8.pfb><C:/Program Files/MiKTeX/fonts/type1/public/amsfon
ts/cm/cmr12.pfb><C:/Program Files/MiKTeX/fonts/type1/public/amsfonts/cm/cmr17.p
fb><C:/Program Files/MiKTeX/fonts/type1/public/amsfonts/cm/cmr6.pfb><C:/Program
 Files/MiKTeX/fonts/type1/public/amsfonts/cm/cmr8.pfb><C:/Program Files/MiKTeX/
fonts/type1/public/amsfonts/cm/cmsy10.pfb><C:/Program Files/MiKTeX/fonts/type1/
public/amsfonts/cm/cmsy6.pfb><C:/Program Files/MiKTeX/fonts/type1/public/amsfon
ts/cm/cmsy8.pfb><C:/Program Files/MiKTeX/fonts/type1/public/amsfonts/cm/cmti12.
pfb><C:/Program Files/MiKTeX/fonts/type1/public/amsfonts/cm/cmtt12.pfb><C:/Prog
ram Files/MiKTeX/fonts/type1/public/amsfonts/symbols/msam10.pfb><C:/Program Fil
es/MiKTeX/fonts/type1/public/amsfonts/symbols/msam7.pfb><C:/Program Files/MiKTe
X/fonts/type1/public/amsfonts/symbols/msbm10.pfb>
Output written on C:\Users\我\Desktop\2022USRP-Group-7\build\main.pdf (42 page
s, 725757 bytes).
PDF statistics:
 507 PDF objects out of 1000 (max. 8388607)
 0 named destinations out of 1000 (max. 500000)
 433 words of extra memory for PDF output out of 10000 (max. 10000000)

